<?xml version="1.0" encoding="UTF-8"?>
<!-- Generated by org.testng.reporters.JUnitReportReporter -->
<testsuite hostname="WKWIN9751619" failures="0" tests="1" name="CreateCase.navigateToCase" time="14.197" errors="0" timestamp="14 Jan 2021 09:59:15 GMT">
  <testcase classname="CreateCase.navigateToCase" name="loginToSalesforce" time="14.197"/>
</testsuite> <!-- CreateCase.navigateToCase -->
