<?xml version="1.0" encoding="UTF-8"?>
<!-- Generated by org.testng.reporters.JUnitReportReporter -->
<testsuite hostname="WKWIN9751619" failures="0" tests="1" name="CreateCase.navigateToCase" time="36.641" errors="0" timestamp="15 Jan 2021 17:38:43 GMT" skipped="0">
  <testcase classname="CreateCase.navigateToCase" name="loginToSalesforce" time="36.641"/>
</testsuite> <!-- CreateCase.navigateToCase -->
